==4513== Memcheck, a memory error detector
==4513== Copyright (C) 2002-2017, and GNU GPL'd, by Julian Seward et al.
==4513== Using Valgrind-3.15.0 and LibVEX; rerun with -h for copyright info
==4513== Command: ./hsh
==4513== Parent PID: 4447
==4513== 
==4513== 
==4513== HEAP SUMMARY:
==4513==     in use at exit: 1,036 bytes in 2 blocks
==4513==   total heap usage: 16 allocs, 14 frees, 3,233 bytes allocated
==4513== 
==4513== 12 bytes in 1 blocks are definitely lost in loss record 1 of 2
==4513==    at 0x483B7F3: malloc (in /usr/lib/x86_64-linux-gnu/valgrind/vgpreload_memcheck-amd64-linux.so)
==4513==    by 0x1094C3: check_in_each_path (in /root/simple_shell/hsh)
==4513==    by 0x1095E0: search_command_in_path (in /root/simple_shell/hsh)
==4513==    by 0x109614: find_full_path (in /root/simple_shell/hsh)
==4513==    by 0x109D26: token_execution (in /root/simple_shell/hsh)
==4513==    by 0x109B22: main (in /root/simple_shell/hsh)
==4513== 
==4513== LEAK SUMMARY:
==4513==    definitely lost: 12 bytes in 1 blocks
==4513==    indirectly lost: 0 bytes in 0 blocks
==4513==      possibly lost: 0 bytes in 0 blocks
==4513==    still reachable: 1,024 bytes in 1 blocks
==4513==         suppressed: 0 bytes in 0 blocks
==4513== Reachable blocks (those to which a pointer was found) are not shown.
==4513== To see them, rerun with: --leak-check=full --show-leak-kinds=all
==4513== 
==4513== For lists of detected and suppressed errors, rerun with: -s
==4513== ERROR SUMMARY: 1 errors from 1 contexts (suppressed: 0 from 0)
